Flow report for sistema
Tue Jul 01 01:43:53 2025
Quartus II 64-Bit Version 13.0.1 Build 232 06/12/2013 Service Pack 1 SJ Web Edition


---------------------
; Table of Contents ;
---------------------
  1. Legal Notice
  2. Flow Summary
  3. Flow Settings
  4. Flow Non-Default Global Settings
  5. Flow Elapsed Time
  6. Flow OS Summary
  7. Flow Log
  8. Flow Messages
  9. Flow Suppressed Messages



----------------
; Legal Notice ;
----------------
Copyright (C) 1991-2013 Altera Corporation
Your use of Altera Corporation's design tools, logic functions 
and other software and tools, and its AMPP partner logic 
functions, and any output files from any of the foregoing 
(including device programming or simulation files), and any 
associated documentation or information are expressly subject 
to the terms and conditions of the Altera Program License 
Subscription Agreement, Altera MegaCore Function License 
Agreement, or other applicable license agreement, including, 
without limitation, that your use is for the sole purpose of 
programming logic devices manufactured by Altera and sold by 
Altera or its authorized distributors.  Please refer to the 
applicable agreement for further details.



+--------------------------------------------------------------------------------------+
; Flow Summary                                                                         ;
+------------------------------------+-------------------------------------------------+
; Flow Status                        ; Successful - Tue Jul 01 01:43:53 2025           ;
; Quartus II 64-Bit Version          ; 13.0.1 Build 232 06/12/2013 SP 1 SJ Web Edition ;
; Revision Name                      ; sistema                                         ;
; Top-level Entity Name              ; sistema                                         ;
; Family                             ; Cyclone III                                     ;
; Device                             ; EP3C16F484C6                                    ;
; Timing Models                      ; Final                                           ;
; Total logic elements               ; 1,505 / 15,408 ( 10 % )                         ;
;     Total combinational functions  ; 1,502 / 15,408 ( 10 % )                         ;
;     Dedicated logic registers      ; 713 / 15,408 ( 5 % )                            ;
; Total registers                    ; 713                                             ;
; Total pins                         ; 37 / 347 ( 11 % )                               ;
; Total virtual pins                 ; 0                                               ;
; Total memory bits                  ; 0 / 516,096 ( 0 % )                             ;
; Embedded Multiplier 9-bit elements ; 0 / 112 ( 0 % )                                 ;
; Total PLLs                         ; 0 / 4 ( 0 % )                                   ;
+------------------------------------+-------------------------------------------------+


+-----------------------------------------+
; Flow Settings                           ;
+-------------------+---------------------+
; Option            ; Setting             ;
+-------------------+---------------------+
; Start date & time ; 07/01/2025 01:43:10 ;
; Main task         ; Compilation         ;
; Revision Name     ; sistema             ;
+-------------------+---------------------+


+-----------------------------------------------------------------------------------------------------------------------------------+
; Flow Non-Default Global Settings                                                                                                  ;
+--------------------------------------+---------------------------------------+---------------+-------------+----------------------+
; Assignment Name                      ; Value                                 ; Default Value ; Entity Name ; Section Id           ;
+--------------------------------------+---------------------------------------+---------------+-------------+----------------------+
; COMPILER_SIGNATURE_ID                ; 220258965966015.175134499013504       ; --            ; --          ; --                   ;
; EDA_DESIGN_ENTRY_SYNTHESIS_TOOL      ; Design Compiler FPGA                  ; <None>        ; sistema.bdf ; --                   ;
; EDA_DESIGN_INSTANCE_NAME             ; NA                                    ; --            ; --          ; Simulación           ;
; EDA_INPUT_DATA_FORMAT                ; Edif                                  ; --            ; sistema.bdf ; eda_design_synthesis ;
; EDA_INPUT_GND_NAME                   ; Gnd                                   ; --            ; sistema.bdf ; eda_design_synthesis ;
; EDA_INPUT_VCC_NAME                   ; Vdd                                   ; --            ; sistema.bdf ; eda_design_synthesis ;
; EDA_LMF_FILE                         ; dc_fpga.lmf                           ; --            ; sistema.bdf ; eda_design_synthesis ;
; EDA_NATIVELINK_SIMULATION_TEST_BENCH ; Simulación                            ; --            ; --          ; eda_simulation       ;
; EDA_OUTPUT_DATA_FORMAT               ; Vhdl                                  ; --            ; --          ; eda_simulation       ;
; EDA_RUN_TOOL_AUTOMATICALLY           ; On                                    ; --            ; --          ; eda_simulation       ;
; EDA_RUN_TOOL_AUTOMATICALLY           ; Off                                   ; --            ; sistema.bdf ; eda_design_synthesis ;
; EDA_SHOW_LMF_MAPPING_MESSAGES        ; Off                                   ; --            ; sistema.bdf ; eda_design_synthesis ;
; EDA_SIMULATION_TOOL                  ; ModelSim-Altera (VHDL)                ; <None>        ; --          ; --                   ;
; EDA_TEST_BENCH_ENABLE_STATUS         ; TEST_BENCH_MODE                       ; --            ; --          ; eda_simulation       ;
; EDA_TEST_BENCH_FILE                  ; Testbench_FIFO.vhd                    ; --            ; --          ; Simulación           ;
; EDA_TEST_BENCH_MODULE_NAME           ; Simulación                            ; --            ; --          ; Simulación           ;
; EDA_TEST_BENCH_NAME                  ; Simulación                            ; --            ; --          ; eda_simulation       ;
; MAX_CORE_JUNCTION_TEMP               ; 85                                    ; --            ; --          ; --                   ;
; MIN_CORE_JUNCTION_TEMP               ; 0                                     ; --            ; --          ; --                   ;
; NOMINAL_CORE_SUPPLY_VOLTAGE          ; 1.2V                                  ; --            ; --          ; --                   ;
; PARTITION_COLOR                      ; 16764057                              ; --            ; --          ; Top                  ;
; PARTITION_FITTER_PRESERVATION_LEVEL  ; PLACEMENT_AND_ROUTING                 ; --            ; --          ; Top                  ;
; PARTITION_NETLIST_TYPE               ; SOURCE                                ; --            ; --          ; Top                  ;
; POWER_BOARD_THERMAL_MODEL            ; None (CONSERVATIVE)                   ; --            ; --          ; --                   ;
; POWER_PRESET_COOLING_SOLUTION        ; 23 MM HEAT SINK WITH 200 LFPM AIRFLOW ; --            ; --          ; --                   ;
; PROJECT_OUTPUT_DIRECTORY             ; output_files                          ; --            ; --          ; --                   ;
+--------------------------------------+---------------------------------------+---------------+-------------+----------------------+


+-------------------------------------------------------------------------------------------------------------------------------+
; Flow Elapsed Time                                                                                                             ;
+---------------------------+--------------+-------------------------+---------------------+------------------------------------+
; Module Name               ; Elapsed Time ; Average Processors Used ; Peak Virtual Memory ; Total CPU Time (on all processors) ;
+---------------------------+--------------+-------------------------+---------------------+------------------------------------+
; Analysis & Synthesis      ; 00:00:20     ; 1.0                     ; 4652 MB             ; 00:00:18                           ;
; Fitter                    ; 00:00:12     ; 1.0                     ; 4925 MB             ; 00:00:11                           ;
; Assembler                 ; 00:00:01     ; 1.0                     ; 4555 MB             ; 00:00:01                           ;
; TimeQuest Timing Analyzer ; 00:00:02     ; 1.0                     ; 4603 MB             ; 00:00:02                           ;
; EDA Netlist Writer        ; 00:00:02     ; 1.0                     ; 4524 MB             ; 00:00:02                           ;
; Total                     ; 00:00:37     ; --                      ; --                  ; 00:00:34                           ;
+---------------------------+--------------+-------------------------+---------------------+------------------------------------+


+----------------------------------------------------------------------------------------+
; Flow OS Summary                                                                        ;
+---------------------------+------------------+-----------+------------+----------------+
; Module Name               ; Machine Hostname ; OS Name   ; OS Version ; Processor type ;
+---------------------------+------------------+-----------+------------+----------------+
; Analysis & Synthesis      ; Nyah             ; Windows 7 ; 6.2        ; x86_64         ;
; Fitter                    ; Nyah             ; Windows 7 ; 6.2        ; x86_64         ;
; Assembler                 ; Nyah             ; Windows 7 ; 6.2        ; x86_64         ;
; TimeQuest Timing Analyzer ; Nyah             ; Windows 7 ; 6.2        ; x86_64         ;
; EDA Netlist Writer        ; Nyah             ; Windows 7 ; 6.2        ; x86_64         ;
+---------------------------+------------------+-----------+------------+----------------+


------------
; Flow Log ;
------------
quartus_map --read_settings_files=on --write_settings_files=off obligatorio2DD -c sistema
quartus_fit --read_settings_files=off --write_settings_files=off obligatorio2DD -c sistema
quartus_asm --read_settings_files=off --write_settings_files=off obligatorio2DD -c sistema
quartus_sta obligatorio2DD -c sistema
quartus_eda --read_settings_files=off --write_settings_files=off obligatorio2DD -c sistema



