Analysis & Synthesis report for sistema
Tue Jul 01 01:43:31 2025
Quartus II 64-Bit Version 13.0.1 Build 232 06/12/2013 Service Pack 1 SJ Web Edition


---------------------
; Table of Contents ;
---------------------
  1. Legal Notice
  2. Analysis & Synthesis Summary
  3. Analysis & Synthesis Settings
  4. Parallel Compilation
  5. Analysis & Synthesis Source Files Read
  6. Analysis & Synthesis Resource Usage Summary
  7. Analysis & Synthesis Resource Utilization by Entity
  8. State Machine - |sistema|FIFO:b2v_inst1|fifo[15].estado
  9. State Machine - |sistema|FIFO:b2v_inst1|fifo[14].estado
 10. State Machine - |sistema|FIFO:b2v_inst1|fifo[13].estado
 11. State Machine - |sistema|FIFO:b2v_inst1|fifo[12].estado
 12. State Machine - |sistema|FIFO:b2v_inst1|fifo[11].estado
 13. State Machine - |sistema|FIFO:b2v_inst1|fifo[10].estado
 14. State Machine - |sistema|FIFO:b2v_inst1|fifo[9].estado
 15. State Machine - |sistema|FIFO:b2v_inst1|fifo[8].estado
 16. State Machine - |sistema|FIFO:b2v_inst1|fifo[7].estado
 17. State Machine - |sistema|FIFO:b2v_inst1|fifo[6].estado
 18. State Machine - |sistema|FIFO:b2v_inst1|fifo[5].estado
 19. State Machine - |sistema|FIFO:b2v_inst1|fifo[4].estado
 20. State Machine - |sistema|FIFO:b2v_inst1|fifo[3].estado
 21. State Machine - |sistema|FIFO:b2v_inst1|fifo[2].estado
 22. State Machine - |sistema|FIFO:b2v_inst1|fifo[1].estado
 23. State Machine - |sistema|FIFO:b2v_inst1|fifo[0].estado
 24. State Machine - |sistema|FIFO:b2v_inst1|tmp_fifo[15].estado
 25. State Machine - |sistema|FIFO:b2v_inst1|tmp_fifo[14].estado
 26. State Machine - |sistema|FIFO:b2v_inst1|tmp_fifo[13].estado
 27. State Machine - |sistema|FIFO:b2v_inst1|tmp_fifo[12].estado
 28. State Machine - |sistema|FIFO:b2v_inst1|tmp_fifo[11].estado
 29. State Machine - |sistema|FIFO:b2v_inst1|tmp_fifo[10].estado
 30. State Machine - |sistema|FIFO:b2v_inst1|tmp_fifo[9].estado
 31. State Machine - |sistema|FIFO:b2v_inst1|tmp_fifo[8].estado
 32. State Machine - |sistema|FIFO:b2v_inst1|tmp_fifo[7].estado
 33. State Machine - |sistema|FIFO:b2v_inst1|tmp_fifo[6].estado
 34. State Machine - |sistema|FIFO:b2v_inst1|tmp_fifo[5].estado
 35. State Machine - |sistema|FIFO:b2v_inst1|tmp_fifo[4].estado
 36. State Machine - |sistema|FIFO:b2v_inst1|tmp_fifo[3].estado
 37. State Machine - |sistema|FIFO:b2v_inst1|tmp_fifo[2].estado
 38. State Machine - |sistema|FIFO:b2v_inst1|tmp_fifo[1].estado
 39. State Machine - |sistema|FIFO:b2v_inst1|tmp_fifo[0].estado
 40. Registers Removed During Synthesis
 41. General Register Statistics
 42. Inverted Register Statistics
 43. Multiplexer Restructuring Statistics (Restructuring Performed)
 44. Elapsed Time Per Partition
 45. Analysis & Synthesis Messages



----------------
; Legal Notice ;
----------------
Copyright (C) 1991-2013 Altera Corporation
Your use of Altera Corporation's design tools, logic functions 
and other software and tools, and its AMPP partner logic 
functions, and any output files from any of the foregoing 
(including device programming or simulation files), and any 
associated documentation or information are expressly subject 
to the terms and conditions of the Altera Program License 
Subscription Agreement, Altera MegaCore Function License 
Agreement, or other applicable license agreement, including, 
without limitation, that your use is for the sole purpose of 
programming logic devices manufactured by Altera and sold by 
Altera or its authorized distributors.  Please refer to the 
applicable agreement for further details.



+--------------------------------------------------------------------------------------+
; Analysis & Synthesis Summary                                                         ;
+------------------------------------+-------------------------------------------------+
; Analysis & Synthesis Status        ; Successful - Tue Jul 01 01:43:30 2025           ;
; Quartus II 64-Bit Version          ; 13.0.1 Build 232 06/12/2013 SP 1 SJ Web Edition ;
; Revision Name                      ; sistema                                         ;
; Top-level Entity Name              ; sistema                                         ;
; Family                             ; Cyclone III                                     ;
; Total logic elements               ; 1,508                                           ;
;     Total combinational functions  ; 1,502                                           ;
;     Dedicated logic registers      ; 713                                             ;
; Total registers                    ; 713                                             ;
; Total pins                         ; 37                                              ;
; Total virtual pins                 ; 0                                               ;
; Total memory bits                  ; 0                                               ;
; Embedded Multiplier 9-bit elements ; 0                                               ;
; Total PLLs                         ; 0                                               ;
+------------------------------------+-------------------------------------------------+


+----------------------------------------------------------------------------------------------------------------------+
; Analysis & Synthesis Settings                                                                                        ;
+----------------------------------------------------------------------------+--------------------+--------------------+
; Option                                                                     ; Setting            ; Default Value      ;
+----------------------------------------------------------------------------+--------------------+--------------------+
; Device                                                                     ; EP3C16F484C6       ;                    ;
; Top-level entity name                                                      ; sistema            ; sistema            ;
; Family name                                                                ; Cyclone III        ; Cyclone IV GX      ;
; Use smart compilation                                                      ; Off                ; Off                ;
; Enable parallel Assembler and TimeQuest Timing Analyzer during compilation ; On                 ; On                 ;
; Enable compact report table                                                ; Off                ; Off                ;
; Restructure Multiplexers                                                   ; Auto               ; Auto               ;
; Create Debugging Nodes for IP Cores                                        ; Off                ; Off                ;
; Preserve fewer node names                                                  ; On                 ; On                 ;
; Disable OpenCore Plus hardware evaluation                                  ; Off                ; Off                ;
; Verilog Version                                                            ; Verilog_2001       ; Verilog_2001       ;
; VHDL Version                                                               ; VHDL_1993          ; VHDL_1993          ;
; State Machine Processing                                                   ; Auto               ; Auto               ;
; Safe State Machine                                                         ; Off                ; Off                ;
; Extract Verilog State Machines                                             ; On                 ; On                 ;
; Extract VHDL State Machines                                                ; On                 ; On                 ;
; Ignore Verilog initial constructs                                          ; Off                ; Off                ;
; Iteration limit for constant Verilog loops                                 ; 5000               ; 5000               ;
; Iteration limit for non-constant Verilog loops                             ; 250                ; 250                ;
; Add Pass-Through Logic to Inferred RAMs                                    ; On                 ; On                 ;
; Infer RAMs from Raw Logic                                                  ; On                 ; On                 ;
; Parallel Synthesis                                                         ; On                 ; On                 ;
; DSP Block Balancing                                                        ; Auto               ; Auto               ;
; NOT Gate Push-Back                                                         ; On                 ; On                 ;
; Power-Up Don't Care                                                        ; On                 ; On                 ;
; Remove Redundant Logic Cells                                               ; Off                ; Off                ;
; Remove Duplicate Registers                                                 ; On                 ; On                 ;
; Ignore CARRY Buffers                                                       ; Off                ; Off                ;
; Ignore CASCADE Buffers                                                     ; Off                ; Off                ;
; Ignore GLOBAL Buffers                                                      ; Off                ; Off                ;
; Ignore ROW GLOBAL Buffers                                                  ; Off                ; Off                ;
; Ignore LCELL Buffers                                                       ; Off                ; Off                ;
; Ignore SOFT Buffers                                                        ; On                 ; On                 ;
; Limit AHDL Integers to 32 Bits                                             ; Off                ; Off                ;
; Optimization Technique                                                     ; Balanced           ; Balanced           ;
; Carry Chain Length                                                         ; 70                 ; 70                 ;
; Auto Carry Chains                                                          ; On                 ; On                 ;
; Auto Open-Drain Pins                                                       ; On                 ; On                 ;
; Perform WYSIWYG Primitive Resynthesis                                      ; Off                ; Off                ;
; Auto ROM Replacement                                                       ; On                 ; On                 ;
; Auto RAM Replacement                                                       ; On                 ; On                 ;
; Auto DSP Block Replacement                                                 ; On                 ; On                 ;
; Auto Shift Register Replacement                                            ; Auto               ; Auto               ;
; Allow Shift Register Merging across Hierarchies                            ; Auto               ; Auto               ;
; Auto Clock Enable Replacement                                              ; On                 ; On                 ;
; Strict RAM Replacement                                                     ; Off                ; Off                ;
; Allow Synchronous Control Signals                                          ; On                 ; On                 ;
; Force Use of Synchronous Clear Signals                                     ; Off                ; Off                ;
; Auto RAM Block Balancing                                                   ; On                 ; On                 ;
; Auto RAM to Logic Cell Conversion                                          ; Off                ; Off                ;
; Auto Resource Sharing                                                      ; Off                ; Off                ;
; Allow Any RAM Size For Recognition                                         ; Off                ; Off                ;
; Allow Any ROM Size For Recognition                                         ; Off                ; Off                ;
; Allow Any Shift Register Size For Recognition                              ; Off                ; Off                ;
; Use LogicLock Constraints during Resource Balancing                        ; On                 ; On                 ;
; Ignore translate_off and synthesis_off directives                          ; Off                ; Off                ;
; Timing-Driven Synthesis                                                    ; On                 ; On                 ;
; Report Parameter Settings                                                  ; On                 ; On                 ;
; Report Source Assignments                                                  ; On                 ; On                 ;
; Report Connectivity Checks                                                 ; On                 ; On                 ;
; Ignore Maximum Fan-Out Assignments                                         ; Off                ; Off                ;
; Synchronization Register Chain Length                                      ; 2                  ; 2                  ;
; PowerPlay Power Optimization                                               ; Normal compilation ; Normal compilation ;
; HDL message level                                                          ; Level2             ; Level2             ;
; Suppress Register Optimization Related Messages                            ; Off                ; Off                ;
; Number of Removed Registers Reported in Synthesis Report                   ; 5000               ; 5000               ;
; Number of Swept Nodes Reported in Synthesis Report                         ; 5000               ; 5000               ;
; Number of Inverted Registers Reported in Synthesis Report                  ; 100                ; 100                ;
; Clock MUX Protection                                                       ; On                 ; On                 ;
; Auto Gated Clock Conversion                                                ; Off                ; Off                ;
; Block Design Naming                                                        ; Auto               ; Auto               ;
; SDC constraint protection                                                  ; Off                ; Off                ;
; Synthesis Effort                                                           ; Auto               ; Auto               ;
; Shift Register Replacement - Allow Asynchronous Clear Signal               ; On                 ; On                 ;
; Pre-Mapping Resynthesis Optimization                                       ; Off                ; Off                ;
; Analysis & Synthesis Message Level                                         ; Medium             ; Medium             ;
; Disable Register Merging Across Hierarchies                                ; Auto               ; Auto               ;
; Resource Aware Inference For Block RAM                                     ; On                 ; On                 ;
; Synthesis Seed                                                             ; 1                  ; 1                  ;
+----------------------------------------------------------------------------+--------------------+--------------------+


Parallel compilation was disabled, but you have multiple processors available. Enable parallel compilation to reduce compilation time.
+-------------------------------------+
; Parallel Compilation                ;
+----------------------------+--------+
; Processors                 ; Number ;
+----------------------------+--------+
; Number detected on machine ; 14     ;
; Maximum allowed            ; 1      ;
+----------------------------+--------+


+----------------------------------------------------------------------------------------------------------------------------------------+
; Analysis & Synthesis Source Files Read                                                                                                 ;
+----------------------------------+-----------------+-----------------------+-------------------------------------------------+---------+
; File Name with User-Entered Path ; Used in Netlist ; File Type             ; File Name with Absolute Path                    ; Library ;
+----------------------------------+-----------------+-----------------------+-------------------------------------------------+---------+
; FIFO.vhd                         ; yes             ; User VHDL File        ; C:/Users/rutin/Desktop/DD/final/FIFO.vhd        ;         ;
; BCDselector.vhd                  ; yes             ; User VHDL File        ; C:/Users/rutin/Desktop/DD/final/BCDselector.vhd ;         ;
; BCDout.vhd                       ; yes             ; User VHDL File        ; C:/Users/rutin/Desktop/DD/final/BCDout.vhd      ;         ;
; sistema.vhd                      ; yes             ; Auto-Found VHDL File  ; C:/Users/rutin/Desktop/DD/final/sistema.vhd     ;         ;
+----------------------------------+-----------------+-----------------------+-------------------------------------------------+---------+


+---------------------------------------------------------+
; Analysis & Synthesis Resource Usage Summary             ;
+---------------------------------------------+-----------+
; Resource                                    ; Usage     ;
+---------------------------------------------+-----------+
; Estimated Total logic elements              ; 1,508     ;
;                                             ;           ;
; Total combinational functions               ; 1502      ;
; Logic element usage by number of LUT inputs ;           ;
;     -- 4 input functions                    ; 554       ;
;     -- 3 input functions                    ; 752       ;
;     -- <=2 input functions                  ; 196       ;
;                                             ;           ;
; Logic elements by mode                      ;           ;
;     -- normal mode                          ; 891       ;
;     -- arithmetic mode                      ; 611       ;
;                                             ;           ;
; Total registers                             ; 713       ;
;     -- Dedicated logic registers            ; 713       ;
;     -- I/O registers                        ; 0         ;
;                                             ;           ;
; I/O pins                                    ; 37        ;
; Embedded Multiplier 9-bit elements          ; 0         ;
; Maximum fan-out node                        ; clk~input ;
; Maximum fan-out                             ; 713       ;
; Total fan-out                               ; 6517      ;
; Average fan-out                             ; 2.85      ;
+---------------------------------------------+-----------+


+---------------------------------------------------------------------------------------------------------------------------------------------------------------------------------------+
; Analysis & Synthesis Resource Utilization by Entity                                                                                                                                   ;
+----------------------------+-------------------+--------------+-------------+--------------+---------+-----------+------+--------------+-------------------------------+--------------+
; Compilation Hierarchy Node ; LC Combinationals ; LC Registers ; Memory Bits ; DSP Elements ; DSP 9x9 ; DSP 18x18 ; Pins ; Virtual Pins ; Full Hierarchy Name           ; Library Name ;
+----------------------------+-------------------+--------------+-------------+--------------+---------+-----------+------+--------------+-------------------------------+--------------+
; |sistema                   ; 1502 (0)          ; 713 (0)      ; 0           ; 0            ; 0       ; 0         ; 37   ; 0            ; |sistema                      ; work         ;
;    |BCDout:b2v_inst3|      ; 56 (56)           ; 36 (36)      ; 0           ; 0            ; 0       ; 0         ; 0    ; 0            ; |sistema|BCDout:b2v_inst3     ; work         ;
;    |BCDselector:b2v_inst|  ; 11 (11)           ; 5 (5)        ; 0           ; 0            ; 0       ; 0         ; 0    ; 0            ; |sistema|BCDselector:b2v_inst ; work         ;
;    |FIFO:b2v_inst1|        ; 1435 (1435)       ; 672 (672)    ; 0           ; 0            ; 0       ; 0         ; 0    ; 0            ; |sistema|FIFO:b2v_inst1       ; work         ;
+----------------------------+-------------------+--------------+-------------+--------------+---------+-----------+------+--------------+-------------------------------+--------------+
Note: For table entries with two numbers listed, the numbers in parentheses indicate the number of resources of the given type used by the specific entity alone. The numbers listed outside of parentheses indicate the total resources of the given type used by the specific entity and all of its sub-entities in the hierarchy.


Encoding Type:  One-Hot
+-----------------------------------------------------------------------------------+
; State Machine - |sistema|FIFO:b2v_inst1|fifo[15].estado                           ;
+--------------------+--------------------+--------------------+--------------------+
; Name               ; fifo[15].estado.S2 ; fifo[15].estado.S1 ; fifo[15].estado.S0 ;
+--------------------+--------------------+--------------------+--------------------+
; fifo[15].estado.S0 ; 0                  ; 0                  ; 0                  ;
; fifo[15].estado.S1 ; 0                  ; 1                  ; 1                  ;
; fifo[15].estado.S2 ; 1                  ; 0                  ; 1                  ;
+--------------------+--------------------+--------------------+--------------------+


Encoding Type:  One-Hot
+-----------------------------------------------------------------------------------+
; State Machine - |sistema|FIFO:b2v_inst1|fifo[14].estado                           ;
+--------------------+--------------------+--------------------+--------------------+
; Name               ; fifo[14].estado.S2 ; fifo[14].estado.S1 ; fifo[14].estado.S0 ;
+--------------------+--------------------+--------------------+--------------------+
; fifo[14].estado.S0 ; 0                  ; 0                  ; 0                  ;
; fifo[14].estado.S1 ; 0                  ; 1                  ; 1                  ;
; fifo[14].estado.S2 ; 1                  ; 0                  ; 1                  ;
+--------------------+--------------------+--------------------+--------------------+


Encoding Type:  One-Hot
+-----------------------------------------------------------------------------------+
; State Machine - |sistema|FIFO:b2v_inst1|fifo[13].estado                           ;
+--------------------+--------------------+--------------------+--------------------+
; Name               ; fifo[13].estado.S2 ; fifo[13].estado.S1 ; fifo[13].estado.S0 ;
+--------------------+--------------------+--------------------+--------------------+
; fifo[13].estado.S0 ; 0                  ; 0                  ; 0                  ;
; fifo[13].estado.S1 ; 0                  ; 1                  ; 1                  ;
; fifo[13].estado.S2 ; 1                  ; 0                  ; 1                  ;
+--------------------+--------------------+--------------------+--------------------+


Encoding Type:  One-Hot
+-----------------------------------------------------------------------------------+
; State Machine - |sistema|FIFO:b2v_inst1|fifo[12].estado                           ;
+--------------------+--------------------+--------------------+--------------------+
; Name               ; fifo[12].estado.S2 ; fifo[12].estado.S1 ; fifo[12].estado.S0 ;
+--------------------+--------------------+--------------------+--------------------+
; fifo[12].estado.S0 ; 0                  ; 0                  ; 0                  ;
; fifo[12].estado.S1 ; 0                  ; 1                  ; 1                  ;
; fifo[12].estado.S2 ; 1                  ; 0                  ; 1                  ;
+--------------------+--------------------+--------------------+--------------------+


Encoding Type:  One-Hot
+-----------------------------------------------------------------------------------+
; State Machine - |sistema|FIFO:b2v_inst1|fifo[11].estado                           ;
+--------------------+--------------------+--------------------+--------------------+
; Name               ; fifo[11].estado.S2 ; fifo[11].estado.S1 ; fifo[11].estado.S0 ;
+--------------------+--------------------+--------------------+--------------------+
; fifo[11].estado.S0 ; 0                  ; 0                  ; 0                  ;
; fifo[11].estado.S1 ; 0                  ; 1                  ; 1                  ;
; fifo[11].estado.S2 ; 1                  ; 0                  ; 1                  ;
+--------------------+--------------------+--------------------+--------------------+


Encoding Type:  One-Hot
+-----------------------------------------------------------------------------------+
; State Machine - |sistema|FIFO:b2v_inst1|fifo[10].estado                           ;
+--------------------+--------------------+--------------------+--------------------+
; Name               ; fifo[10].estado.S2 ; fifo[10].estado.S1 ; fifo[10].estado.S0 ;
+--------------------+--------------------+--------------------+--------------------+
; fifo[10].estado.S0 ; 0                  ; 0                  ; 0                  ;
; fifo[10].estado.S1 ; 0                  ; 1                  ; 1                  ;
; fifo[10].estado.S2 ; 1                  ; 0                  ; 1                  ;
+--------------------+--------------------+--------------------+--------------------+


Encoding Type:  One-Hot
+-------------------------------------------------------------------------------+
; State Machine - |sistema|FIFO:b2v_inst1|fifo[9].estado                        ;
+-------------------+-------------------+-------------------+-------------------+
; Name              ; fifo[9].estado.S2 ; fifo[9].estado.S1 ; fifo[9].estado.S0 ;
+-------------------+-------------------+-------------------+-------------------+
; fifo[9].estado.S0 ; 0                 ; 0                 ; 0                 ;
; fifo[9].estado.S1 ; 0                 ; 1                 ; 1                 ;
; fifo[9].estado.S2 ; 1                 ; 0                 ; 1                 ;
+-------------------+-------------------+-------------------+-------------------+


Encoding Type:  One-Hot
+-------------------------------------------------------------------------------+
; State Machine - |sistema|FIFO:b2v_inst1|fifo[8].estado                        ;
+-------------------+-------------------+-------------------+-------------------+
; Name              ; fifo[8].estado.S2 ; fifo[8].estado.S1 ; fifo[8].estado.S0 ;
+-------------------+-------------------+-------------------+-------------------+
; fifo[8].estado.S0 ; 0                 ; 0                 ; 0                 ;
; fifo[8].estado.S1 ; 0                 ; 1                 ; 1                 ;
; fifo[8].estado.S2 ; 1                 ; 0                 ; 1                 ;
+-------------------+-------------------+-------------------+-------------------+


Encoding Type:  One-Hot
+-------------------------------------------------------------------------------+
; State Machine - |sistema|FIFO:b2v_inst1|fifo[7].estado                        ;
+-------------------+-------------------+-------------------+-------------------+
; Name              ; fifo[7].estado.S2 ; fifo[7].estado.S1 ; fifo[7].estado.S0 ;
+-------------------+-------------------+-------------------+-------------------+
; fifo[7].estado.S0 ; 0                 ; 0                 ; 0                 ;
; fifo[7].estado.S1 ; 0                 ; 1                 ; 1                 ;
; fifo[7].estado.S2 ; 1                 ; 0                 ; 1                 ;
+-------------------+-------------------+-------------------+-------------------+


Encoding Type:  One-Hot
+-------------------------------------------------------------------------------+
; State Machine - |sistema|FIFO:b2v_inst1|fifo[6].estado                        ;
+-------------------+-------------------+-------------------+-------------------+
; Name              ; fifo[6].estado.S2 ; fifo[6].estado.S1 ; fifo[6].estado.S0 ;
+-------------------+-------------------+-------------------+-------------------+
; fifo[6].estado.S0 ; 0                 ; 0                 ; 0                 ;
; fifo[6].estado.S1 ; 0                 ; 1                 ; 1                 ;
; fifo[6].estado.S2 ; 1                 ; 0                 ; 1                 ;
+-------------------+-------------------+-------------------+-------------------+


Encoding Type:  One-Hot
+-------------------------------------------------------------------------------+
; State Machine - |sistema|FIFO:b2v_inst1|fifo[5].estado                        ;
+-------------------+-------------------+-------------------+-------------------+
; Name              ; fifo[5].estado.S2 ; fifo[5].estado.S1 ; fifo[5].estado.S0 ;
+-------------------+-------------------+-------------------+-------------------+
; fifo[5].estado.S0 ; 0                 ; 0                 ; 0                 ;
; fifo[5].estado.S1 ; 0                 ; 1                 ; 1                 ;
; fifo[5].estado.S2 ; 1                 ; 0                 ; 1                 ;
+-------------------+-------------------+-------------------+-------------------+


Encoding Type:  One-Hot
+-------------------------------------------------------------------------------+
; State Machine - |sistema|FIFO:b2v_inst1|fifo[4].estado                        ;
+-------------------+-------------------+-------------------+-------------------+
; Name              ; fifo[4].estado.S2 ; fifo[4].estado.S1 ; fifo[4].estado.S0 ;
+-------------------+-------------------+-------------------+-------------------+
; fifo[4].estado.S0 ; 0                 ; 0                 ; 0                 ;
; fifo[4].estado.S1 ; 0                 ; 1                 ; 1                 ;
; fifo[4].estado.S2 ; 1                 ; 0                 ; 1                 ;
+-------------------+-------------------+-------------------+-------------------+


Encoding Type:  One-Hot
+-------------------------------------------------------------------------------+
; State Machine - |sistema|FIFO:b2v_inst1|fifo[3].estado                        ;
+-------------------+-------------------+-------------------+-------------------+
; Name              ; fifo[3].estado.S2 ; fifo[3].estado.S1 ; fifo[3].estado.S0 ;
+-------------------+-------------------+-------------------+-------------------+
; fifo[3].estado.S0 ; 0                 ; 0                 ; 0                 ;
; fifo[3].estado.S1 ; 0                 ; 1                 ; 1                 ;
; fifo[3].estado.S2 ; 1                 ; 0                 ; 1                 ;
+-------------------+-------------------+-------------------+-------------------+


Encoding Type:  One-Hot
+-------------------------------------------------------------------------------+
; State Machine - |sistema|FIFO:b2v_inst1|fifo[2].estado                        ;
+-------------------+-------------------+-------------------+-------------------+
; Name              ; fifo[2].estado.S2 ; fifo[2].estado.S1 ; fifo[2].estado.S0 ;
+-------------------+-------------------+-------------------+-------------------+
; fifo[2].estado.S0 ; 0                 ; 0                 ; 0                 ;
; fifo[2].estado.S1 ; 0                 ; 1                 ; 1                 ;
; fifo[2].estado.S2 ; 1                 ; 0                 ; 1                 ;
+-------------------+-------------------+-------------------+-------------------+


Encoding Type:  One-Hot
+-------------------------------------------------------------------------------+
; State Machine - |sistema|FIFO:b2v_inst1|fifo[1].estado                        ;
+-------------------+-------------------+-------------------+-------------------+
; Name              ; fifo[1].estado.S2 ; fifo[1].estado.S1 ; fifo[1].estado.S0 ;
+-------------------+-------------------+-------------------+-------------------+
; fifo[1].estado.S0 ; 0                 ; 0                 ; 0                 ;
; fifo[1].estado.S1 ; 0                 ; 1                 ; 1                 ;
; fifo[1].estado.S2 ; 1                 ; 0                 ; 1                 ;
+-------------------+-------------------+-------------------+-------------------+


Encoding Type:  One-Hot
+-------------------------------------------------------------------------------+
; State Machine - |sistema|FIFO:b2v_inst1|fifo[0].estado                        ;
+-------------------+-------------------+-------------------+-------------------+
; Name              ; fifo[0].estado.S2 ; fifo[0].estado.S1 ; fifo[0].estado.S0 ;
+-------------------+-------------------+-------------------+-------------------+
; fifo[0].estado.S0 ; 0                 ; 0                 ; 0                 ;
; fifo[0].estado.S1 ; 0                 ; 1                 ; 1                 ;
; fifo[0].estado.S2 ; 1                 ; 0                 ; 1                 ;
+-------------------+-------------------+-------------------+-------------------+


Encoding Type:  One-Hot
+---------------------------------------------------------------------------------------------------+
; State Machine - |sistema|FIFO:b2v_inst1|tmp_fifo[15].estado                                       ;
+------------------------+------------------------+------------------------+------------------------+
; Name                   ; tmp_fifo[15].estado.S2 ; tmp_fifo[15].estado.S1 ; tmp_fifo[15].estado.S0 ;
+------------------------+------------------------+------------------------+------------------------+
; tmp_fifo[15].estado.S0 ; 0                      ; 0                      ; 0                      ;
; tmp_fifo[15].estado.S1 ; 0                      ; 1                      ; 1                      ;
; tmp_fifo[15].estado.S2 ; 1                      ; 0                      ; 1                      ;
+------------------------+------------------------+------------------------+------------------------+


Encoding Type:  One-Hot
+---------------------------------------------------------------------------------------------------+
; State Machine - |sistema|FIFO:b2v_inst1|tmp_fifo[14].estado                                       ;
+------------------------+------------------------+------------------------+------------------------+
; Name                   ; tmp_fifo[14].estado.S2 ; tmp_fifo[14].estado.S1 ; tmp_fifo[14].estado.S0 ;
+------------------------+------------------------+------------------------+------------------------+
; tmp_fifo[14].estado.S0 ; 0                      ; 0                      ; 0                      ;
; tmp_fifo[14].estado.S1 ; 0                      ; 1                      ; 1                      ;
; tmp_fifo[14].estado.S2 ; 1                      ; 0                      ; 1                      ;
+------------------------+------------------------+------------------------+------------------------+


Encoding Type:  One-Hot
+---------------------------------------------------------------------------------------------------+
; State Machine - |sistema|FIFO:b2v_inst1|tmp_fifo[13].estado                                       ;
+------------------------+------------------------+------------------------+------------------------+
; Name                   ; tmp_fifo[13].estado.S2 ; tmp_fifo[13].estado.S1 ; tmp_fifo[13].estado.S0 ;
+------------------------+------------------------+------------------------+------------------------+
; tmp_fifo[13].estado.S0 ; 0                      ; 0                      ; 0                      ;
; tmp_fifo[13].estado.S1 ; 0                      ; 1                      ; 1                      ;
; tmp_fifo[13].estado.S2 ; 1                      ; 0                      ; 1                      ;
+------------------------+------------------------+------------------------+------------------------+


Encoding Type:  One-Hot
+---------------------------------------------------------------------------------------------------+
; State Machine - |sistema|FIFO:b2v_inst1|tmp_fifo[12].estado                                       ;
+------------------------+------------------------+------------------------+------------------------+
; Name                   ; tmp_fifo[12].estado.S2 ; tmp_fifo[12].estado.S1 ; tmp_fifo[12].estado.S0 ;
+------------------------+------------------------+------------------------+------------------------+
; tmp_fifo[12].estado.S0 ; 0                      ; 0                      ; 0                      ;
; tmp_fifo[12].estado.S1 ; 0                      ; 1                      ; 1                      ;
; tmp_fifo[12].estado.S2 ; 1                      ; 0                      ; 1                      ;
+------------------------+------------------------+------------------------+------------------------+


Encoding Type:  One-Hot
+---------------------------------------------------------------------------------------------------+
; State Machine - |sistema|FIFO:b2v_inst1|tmp_fifo[11].estado                                       ;
+------------------------+------------------------+------------------------+------------------------+
; Name                   ; tmp_fifo[11].estado.S2 ; tmp_fifo[11].estado.S1 ; tmp_fifo[11].estado.S0 ;
+------------------------+------------------------+------------------------+------------------------+
; tmp_fifo[11].estado.S0 ; 0                      ; 0                      ; 0                      ;
; tmp_fifo[11].estado.S1 ; 0                      ; 1                      ; 1                      ;
; tmp_fifo[11].estado.S2 ; 1                      ; 0                      ; 1                      ;
+------------------------+------------------------+------------------------+------------------------+


Encoding Type:  One-Hot
+---------------------------------------------------------------------------------------------------+
; State Machine - |sistema|FIFO:b2v_inst1|tmp_fifo[10].estado                                       ;
+------------------------+------------------------+------------------------+------------------------+
; Name                   ; tmp_fifo[10].estado.S2 ; tmp_fifo[10].estado.S1 ; tmp_fifo[10].estado.S0 ;
+------------------------+------------------------+------------------------+------------------------+
; tmp_fifo[10].estado.S0 ; 0                      ; 0                      ; 0                      ;
; tmp_fifo[10].estado.S1 ; 0                      ; 1                      ; 1                      ;
; tmp_fifo[10].estado.S2 ; 1                      ; 0                      ; 1                      ;
+------------------------+------------------------+------------------------+------------------------+


Encoding Type:  One-Hot
+-----------------------------------------------------------------------------------------------+
; State Machine - |sistema|FIFO:b2v_inst1|tmp_fifo[9].estado                                    ;
+-----------------------+-----------------------+-----------------------+-----------------------+
; Name                  ; tmp_fifo[9].estado.S2 ; tmp_fifo[9].estado.S1 ; tmp_fifo[9].estado.S0 ;
+-----------------------+-----------------------+-----------------------+-----------------------+
; tmp_fifo[9].estado.S0 ; 0                     ; 0                     ; 0                     ;
; tmp_fifo[9].estado.S1 ; 0                     ; 1                     ; 1                     ;
; tmp_fifo[9].estado.S2 ; 1                     ; 0                     ; 1                     ;
+-----------------------+-----------------------+-----------------------+-----------------------+


Encoding Type:  One-Hot
+-----------------------------------------------------------------------------------------------+
; State Machine - |sistema|FIFO:b2v_inst1|tmp_fifo[8].estado                                    ;
+-----------------------+-----------------------+-----------------------+-----------------------+
; Name                  ; tmp_fifo[8].estado.S2 ; tmp_fifo[8].estado.S1 ; tmp_fifo[8].estado.S0 ;
+-----------------------+-----------------------+-----------------------+-----------------------+
; tmp_fifo[8].estado.S0 ; 0                     ; 0                     ; 0                     ;
; tmp_fifo[8].estado.S1 ; 0                     ; 1                     ; 1                     ;
; tmp_fifo[8].estado.S2 ; 1                     ; 0                     ; 1                     ;
+-----------------------+-----------------------+-----------------------+-----------------------+


Encoding Type:  One-Hot
+-----------------------------------------------------------------------------------------------+
; State Machine - |sistema|FIFO:b2v_inst1|tmp_fifo[7].estado                                    ;
+-----------------------+-----------------------+-----------------------+-----------------------+
; Name                  ; tmp_fifo[7].estado.S2 ; tmp_fifo[7].estado.S1 ; tmp_fifo[7].estado.S0 ;
+-----------------------+-----------------------+-----------------------+-----------------------+
; tmp_fifo[7].estado.S0 ; 0                     ; 0                     ; 0                     ;
; tmp_fifo[7].estado.S1 ; 0                     ; 1                     ; 1                     ;
; tmp_fifo[7].estado.S2 ; 1                     ; 0                     ; 1                     ;
+-----------------------+-----------------------+-----------------------+-----------------------+


Encoding Type:  One-Hot
+-----------------------------------------------------------------------------------------------+
; State Machine - |sistema|FIFO:b2v_inst1|tmp_fifo[6].estado                                    ;
+-----------------------+-----------------------+-----------------------+-----------------------+
; Name                  ; tmp_fifo[6].estado.S2 ; tmp_fifo[6].estado.S1 ; tmp_fifo[6].estado.S0 ;
+-----------------------+-----------------------+-----------------------+-----------------------+
; tmp_fifo[6].estado.S0 ; 0                     ; 0                     ; 0                     ;
; tmp_fifo[6].estado.S1 ; 0                     ; 1                     ; 1                     ;
; tmp_fifo[6].estado.S2 ; 1                     ; 0                     ; 1                     ;
+-----------------------+-----------------------+-----------------------+-----------------------+


Encoding Type:  One-Hot
+-----------------------------------------------------------------------------------------------+
; State Machine - |sistema|FIFO:b2v_inst1|tmp_fifo[5].estado                                    ;
+-----------------------+-----------------------+-----------------------+-----------------------+
; Name                  ; tmp_fifo[5].estado.S2 ; tmp_fifo[5].estado.S1 ; tmp_fifo[5].estado.S0 ;
+-----------------------+-----------------------+-----------------------+-----------------------+
; tmp_fifo[5].estado.S0 ; 0                     ; 0                     ; 0                     ;
; tmp_fifo[5].estado.S1 ; 0                     ; 1                     ; 1                     ;
; tmp_fifo[5].estado.S2 ; 1                     ; 0                     ; 1                     ;
+-----------------------+-----------------------+-----------------------+-----------------------+


Encoding Type:  One-Hot
+-----------------------------------------------------------------------------------------------+
; State Machine - |sistema|FIFO:b2v_inst1|tmp_fifo[4].estado                                    ;
+-----------------------+-----------------------+-----------------------+-----------------------+
; Name                  ; tmp_fifo[4].estado.S2 ; tmp_fifo[4].estado.S1 ; tmp_fifo[4].estado.S0 ;
+-----------------------+-----------------------+-----------------------+-----------------------+
; tmp_fifo[4].estado.S0 ; 0                     ; 0                     ; 0                     ;
; tmp_fifo[4].estado.S1 ; 0                     ; 1                     ; 1                     ;
; tmp_fifo[4].estado.S2 ; 1                     ; 0                     ; 1                     ;
+-----------------------+-----------------------+-----------------------+-----------------------+


Encoding Type:  One-Hot
+-----------------------------------------------------------------------------------------------+
; State Machine - |sistema|FIFO:b2v_inst1|tmp_fifo[3].estado                                    ;
+-----------------------+-----------------------+-----------------------+-----------------------+
; Name                  ; tmp_fifo[3].estado.S2 ; tmp_fifo[3].estado.S1 ; tmp_fifo[3].estado.S0 ;
+-----------------------+-----------------------+-----------------------+-----------------------+
; tmp_fifo[3].estado.S0 ; 0                     ; 0                     ; 0                     ;
; tmp_fifo[3].estado.S1 ; 0                     ; 1                     ; 1                     ;
; tmp_fifo[3].estado.S2 ; 1                     ; 0                     ; 1                     ;
+-----------------------+-----------------------+-----------------------+-----------------------+


Encoding Type:  One-Hot
+-----------------------------------------------------------------------------------------------+
; State Machine - |sistema|FIFO:b2v_inst1|tmp_fifo[2].estado                                    ;
+-----------------------+-----------------------+-----------------------+-----------------------+
; Name                  ; tmp_fifo[2].estado.S2 ; tmp_fifo[2].estado.S1 ; tmp_fifo[2].estado.S0 ;
+-----------------------+-----------------------+-----------------------+-----------------------+
; tmp_fifo[2].estado.S0 ; 0                     ; 0                     ; 0                     ;
; tmp_fifo[2].estado.S1 ; 0                     ; 1                     ; 1                     ;
; tmp_fifo[2].estado.S2 ; 1                     ; 0                     ; 1                     ;
+-----------------------+-----------------------+-----------------------+-----------------------+


Encoding Type:  One-Hot
+-----------------------------------------------------------------------------------------------+
; State Machine - |sistema|FIFO:b2v_inst1|tmp_fifo[1].estado                                    ;
+-----------------------+-----------------------+-----------------------+-----------------------+
; Name                  ; tmp_fifo[1].estado.S2 ; tmp_fifo[1].estado.S1 ; tmp_fifo[1].estado.S0 ;
+-----------------------+-----------------------+-----------------------+-----------------------+
; tmp_fifo[1].estado.S0 ; 0                     ; 0                     ; 0                     ;
; tmp_fifo[1].estado.S1 ; 0                     ; 1                     ; 1                     ;
; tmp_fifo[1].estado.S2 ; 1                     ; 0                     ; 1                     ;
+-----------------------+-----------------------+-----------------------+-----------------------+


Encoding Type:  One-Hot
+-----------------------------------------------------------------------------------------------+
; State Machine - |sistema|FIFO:b2v_inst1|tmp_fifo[0].estado                                    ;
+-----------------------+-----------------------+-----------------------+-----------------------+
; Name                  ; tmp_fifo[0].estado.S2 ; tmp_fifo[0].estado.S1 ; tmp_fifo[0].estado.S0 ;
+-----------------------+-----------------------+-----------------------+-----------------------+
; tmp_fifo[0].estado.S0 ; 0                     ; 0                     ; 0                     ;
; tmp_fifo[0].estado.S1 ; 0                     ; 1                     ; 1                     ;
; tmp_fifo[0].estado.S2 ; 1                     ; 0                     ; 1                     ;
+-----------------------+-----------------------+-----------------------+-----------------------+


+---------------------------------------------------------------------------------+
; Registers Removed During Synthesis                                              ;
+----------------------------------------+----------------------------------------+
; Register name                          ; Reason for Removal                     ;
+----------------------------------------+----------------------------------------+
; BCDout:b2v_inst3|segmentos[7,10..12]   ; Stuck at VCC due to stuck port data_in ;
; FIFO:b2v_inst1|tmp_fifo[15].estado.S0  ; Lost fanout                            ;
; FIFO:b2v_inst1|tmp_fifo[15].estado.S1  ; Lost fanout                            ;
; FIFO:b2v_inst1|tmp_fifo[15].estado.S2  ; Lost fanout                            ;
; FIFO:b2v_inst1|tmp_fifo[14].estado.S0  ; Lost fanout                            ;
; FIFO:b2v_inst1|tmp_fifo[14].estado.S1  ; Lost fanout                            ;
; FIFO:b2v_inst1|tmp_fifo[14].estado.S2  ; Lost fanout                            ;
; FIFO:b2v_inst1|tmp_fifo[13].estado.S0  ; Lost fanout                            ;
; FIFO:b2v_inst1|tmp_fifo[13].estado.S1  ; Lost fanout                            ;
; FIFO:b2v_inst1|tmp_fifo[13].estado.S2  ; Lost fanout                            ;
; FIFO:b2v_inst1|tmp_fifo[12].estado.S0  ; Lost fanout                            ;
; FIFO:b2v_inst1|tmp_fifo[12].estado.S1  ; Lost fanout                            ;
; FIFO:b2v_inst1|tmp_fifo[12].estado.S2  ; Lost fanout                            ;
; FIFO:b2v_inst1|tmp_fifo[11].estado.S0  ; Lost fanout                            ;
; FIFO:b2v_inst1|tmp_fifo[11].estado.S1  ; Lost fanout                            ;
; FIFO:b2v_inst1|tmp_fifo[11].estado.S2  ; Lost fanout                            ;
; FIFO:b2v_inst1|tmp_fifo[10].estado.S0  ; Lost fanout                            ;
; FIFO:b2v_inst1|tmp_fifo[10].estado.S1  ; Lost fanout                            ;
; FIFO:b2v_inst1|tmp_fifo[10].estado.S2  ; Lost fanout                            ;
; FIFO:b2v_inst1|tmp_fifo[9].estado.S0   ; Lost fanout                            ;
; FIFO:b2v_inst1|tmp_fifo[9].estado.S1   ; Lost fanout                            ;
; FIFO:b2v_inst1|tmp_fifo[9].estado.S2   ; Lost fanout                            ;
; FIFO:b2v_inst1|tmp_fifo[8].estado.S0   ; Lost fanout                            ;
; FIFO:b2v_inst1|tmp_fifo[8].estado.S1   ; Lost fanout                            ;
; FIFO:b2v_inst1|tmp_fifo[8].estado.S2   ; Lost fanout                            ;
; FIFO:b2v_inst1|tmp_fifo[7].estado.S0   ; Lost fanout                            ;
; FIFO:b2v_inst1|tmp_fifo[7].estado.S1   ; Lost fanout                            ;
; FIFO:b2v_inst1|tmp_fifo[7].estado.S2   ; Lost fanout                            ;
; FIFO:b2v_inst1|tmp_fifo[6].estado.S0   ; Lost fanout                            ;
; FIFO:b2v_inst1|tmp_fifo[6].estado.S1   ; Lost fanout                            ;
; FIFO:b2v_inst1|tmp_fifo[6].estado.S2   ; Lost fanout                            ;
; FIFO:b2v_inst1|tmp_fifo[5].estado.S0   ; Lost fanout                            ;
; FIFO:b2v_inst1|tmp_fifo[5].estado.S1   ; Lost fanout                            ;
; FIFO:b2v_inst1|tmp_fifo[5].estado.S2   ; Lost fanout                            ;
; FIFO:b2v_inst1|tmp_fifo[4].estado.S0   ; Lost fanout                            ;
; FIFO:b2v_inst1|tmp_fifo[4].estado.S1   ; Lost fanout                            ;
; FIFO:b2v_inst1|tmp_fifo[4].estado.S2   ; Lost fanout                            ;
; FIFO:b2v_inst1|tmp_fifo[3].estado.S0   ; Lost fanout                            ;
; FIFO:b2v_inst1|tmp_fifo[3].estado.S1   ; Lost fanout                            ;
; FIFO:b2v_inst1|tmp_fifo[3].estado.S2   ; Lost fanout                            ;
; FIFO:b2v_inst1|tmp_fifo[2].estado.S0   ; Lost fanout                            ;
; FIFO:b2v_inst1|tmp_fifo[2].estado.S1   ; Lost fanout                            ;
; FIFO:b2v_inst1|tmp_fifo[2].estado.S2   ; Lost fanout                            ;
; FIFO:b2v_inst1|tmp_fifo[1].estado.S0   ; Lost fanout                            ;
; FIFO:b2v_inst1|tmp_fifo[1].estado.S1   ; Lost fanout                            ;
; FIFO:b2v_inst1|tmp_fifo[1].estado.S2   ; Lost fanout                            ;
; FIFO:b2v_inst1|tmp_fifo[0].estado.S0   ; Lost fanout                            ;
; FIFO:b2v_inst1|tmp_fifo[0].estado.S1   ; Lost fanout                            ;
; FIFO:b2v_inst1|tmp_fifo[0].estado.S2   ; Lost fanout                            ;
; Total Number of Removed Registers = 52 ;                                        ;
+----------------------------------------+----------------------------------------+


+------------------------------------------------------+
; General Register Statistics                          ;
+----------------------------------------------+-------+
; Statistic                                    ; Value ;
+----------------------------------------------+-------+
; Total registers                              ; 713   ;
; Number of registers using Synchronous Clear  ; 49    ;
; Number of registers using Synchronous Load   ; 0     ;
; Number of registers using Asynchronous Clear ; 0     ;
; Number of registers using Asynchronous Load  ; 0     ;
; Number of registers using Clock Enable       ; 124   ;
; Number of registers using Preset             ; 0     ;
+----------------------------------------------+-------+


+--------------------------------------------------+
; Inverted Register Statistics                     ;
+----------------------------------------+---------+
; Inverted Register                      ; Fan out ;
+----------------------------------------+---------+
; FIFO:b2v_inst1|btn_llamar_r            ; 1       ;
; BCDselector:b2v_inst|reg_btn           ; 3       ;
; FIFO:b2v_inst1|btn_atender_r           ; 4       ;
; Total number of inverted registers = 3 ;         ;
+----------------------------------------+---------+


+-------------------------------------------------------------------------------------------------------------------------------------------------------------------+
; Multiplexer Restructuring Statistics (Restructuring Performed)                                                                                                    ;
+--------------------+-----------+---------------+----------------------+------------------------+------------+-----------------------------------------------------+
; Multiplexer Inputs ; Bus Width ; Baseline Area ; Area if Restructured ; Saving if Restructured ; Registered ; Example Multiplexer Output                          ;
+--------------------+-----------+---------------+----------------------+------------------------+------------+-----------------------------------------------------+
; 4:1                ; 8 bits    ; 16 LEs        ; 8 LEs                ; 8 LEs                  ; Yes        ; |sistema|BCDout:b2v_inst3|segmentos[3]              ;
; 4:1                ; 9 bits    ; 18 LEs        ; 9 LEs                ; 9 LEs                  ; Yes        ; |sistema|FIFO:b2v_inst1|head[3]                     ;
; 3:1                ; 32 bits   ; 64 LEs        ; 32 LEs               ; 32 LEs                 ; Yes        ; |sistema|FIFO:b2v_inst1|fifo[15].timer_atencion[2]  ;
; 3:1                ; 31 bits   ; 62 LEs        ; 31 LEs               ; 31 LEs                 ; Yes        ; |sistema|FIFO:b2v_inst1|fifo[14].timer_atencion[0]  ;
; 3:1                ; 32 bits   ; 64 LEs        ; 32 LEs               ; 32 LEs                 ; Yes        ; |sistema|FIFO:b2v_inst1|fifo[13].timer_atencion[9]  ;
; 3:1                ; 32 bits   ; 64 LEs        ; 32 LEs               ; 32 LEs                 ; Yes        ; |sistema|FIFO:b2v_inst1|fifo[12].timer_atencion[27] ;
; 3:1                ; 32 bits   ; 64 LEs        ; 32 LEs               ; 32 LEs                 ; Yes        ; |sistema|FIFO:b2v_inst1|fifo[11].timer_atencion[15] ;
; 3:1                ; 32 bits   ; 64 LEs        ; 32 LEs               ; 32 LEs                 ; Yes        ; |sistema|FIFO:b2v_inst1|fifo[10].timer_atencion[2]  ;
; 3:1                ; 32 bits   ; 64 LEs        ; 32 LEs               ; 32 LEs                 ; Yes        ; |sistema|FIFO:b2v_inst1|fifo[9].timer_atencion[27]  ;
; 3:1                ; 32 bits   ; 64 LEs        ; 32 LEs               ; 32 LEs                 ; Yes        ; |sistema|FIFO:b2v_inst1|fifo[8].timer_atencion[27]  ;
; 3:1                ; 32 bits   ; 64 LEs        ; 32 LEs               ; 32 LEs                 ; Yes        ; |sistema|FIFO:b2v_inst1|fifo[7].timer_atencion[15]  ;
; 3:1                ; 32 bits   ; 64 LEs        ; 32 LEs               ; 32 LEs                 ; Yes        ; |sistema|FIFO:b2v_inst1|fifo[6].timer_atencion[25]  ;
; 3:1                ; 32 bits   ; 64 LEs        ; 32 LEs               ; 32 LEs                 ; Yes        ; |sistema|FIFO:b2v_inst1|fifo[5].timer_atencion[24]  ;
; 3:1                ; 32 bits   ; 64 LEs        ; 32 LEs               ; 32 LEs                 ; Yes        ; |sistema|FIFO:b2v_inst1|fifo[4].timer_atencion[2]   ;
; 3:1                ; 32 bits   ; 64 LEs        ; 32 LEs               ; 32 LEs                 ; Yes        ; |sistema|FIFO:b2v_inst1|fifo[3].timer_atencion[26]  ;
; 3:1                ; 32 bits   ; 64 LEs        ; 32 LEs               ; 32 LEs                 ; Yes        ; |sistema|FIFO:b2v_inst1|fifo[2].timer_atencion[2]   ;
; 3:1                ; 32 bits   ; 64 LEs        ; 32 LEs               ; 32 LEs                 ; Yes        ; |sistema|FIFO:b2v_inst1|fifo[1].timer_atencion[11]  ;
; 3:1                ; 32 bits   ; 64 LEs        ; 32 LEs               ; 32 LEs                 ; Yes        ; |sistema|FIFO:b2v_inst1|fifo[0].timer_atencion[2]   ;
; 4:1                ; 23 bits   ; 46 LEs        ; 23 LEs               ; 23 LEs                 ; Yes        ; |sistema|BCDout:b2v_inst3|parpadeo_timer[1]         ;
; 5:1                ; 4 bits    ; 12 LEs        ; 4 LEs                ; 8 LEs                  ; Yes        ; |sistema|FIFO:b2v_inst1|fifo[15].numero[2]          ;
; 5:1                ; 4 bits    ; 12 LEs        ; 4 LEs                ; 8 LEs                  ; Yes        ; |sistema|FIFO:b2v_inst1|fifo[14].numero[3]          ;
; 5:1                ; 4 bits    ; 12 LEs        ; 4 LEs                ; 8 LEs                  ; Yes        ; |sistema|FIFO:b2v_inst1|fifo[13].numero[3]          ;
; 5:1                ; 4 bits    ; 12 LEs        ; 4 LEs                ; 8 LEs                  ; Yes        ; |sistema|FIFO:b2v_inst1|fifo[12].numero[3]          ;
; 5:1                ; 4 bits    ; 12 LEs        ; 4 LEs                ; 8 LEs                  ; Yes        ; |sistema|FIFO:b2v_inst1|fifo[11].numero[3]          ;
; 5:1                ; 4 bits    ; 12 LEs        ; 4 LEs                ; 8 LEs                  ; Yes        ; |sistema|FIFO:b2v_inst1|fifo[10].numero[1]          ;
; 5:1                ; 4 bits    ; 12 LEs        ; 4 LEs                ; 8 LEs                  ; Yes        ; |sistema|FIFO:b2v_inst1|fifo[9].numero[1]           ;
; 5:1                ; 4 bits    ; 12 LEs        ; 4 LEs                ; 8 LEs                  ; Yes        ; |sistema|FIFO:b2v_inst1|fifo[8].numero[0]           ;
; 5:1                ; 4 bits    ; 12 LEs        ; 4 LEs                ; 8 LEs                  ; Yes        ; |sistema|FIFO:b2v_inst1|fifo[7].numero[3]           ;
; 5:1                ; 4 bits    ; 12 LEs        ; 4 LEs                ; 8 LEs                  ; Yes        ; |sistema|FIFO:b2v_inst1|fifo[6].numero[2]           ;
; 5:1                ; 4 bits    ; 12 LEs        ; 4 LEs                ; 8 LEs                  ; Yes        ; |sistema|FIFO:b2v_inst1|fifo[5].numero[3]           ;
; 5:1                ; 4 bits    ; 12 LEs        ; 4 LEs                ; 8 LEs                  ; Yes        ; |sistema|FIFO:b2v_inst1|fifo[4].numero[1]           ;
; 5:1                ; 4 bits    ; 12 LEs        ; 4 LEs                ; 8 LEs                  ; Yes        ; |sistema|FIFO:b2v_inst1|fifo[3].numero[3]           ;
; 5:1                ; 4 bits    ; 12 LEs        ; 4 LEs                ; 8 LEs                  ; Yes        ; |sistema|FIFO:b2v_inst1|fifo[2].numero[2]           ;
; 5:1                ; 4 bits    ; 12 LEs        ; 4 LEs                ; 8 LEs                  ; Yes        ; |sistema|FIFO:b2v_inst1|fifo[1].numero[1]           ;
; 5:1                ; 4 bits    ; 12 LEs        ; 4 LEs                ; 8 LEs                  ; Yes        ; |sistema|FIFO:b2v_inst1|fifo[0].numero[1]           ;
; 3:1                ; 2 bits    ; 4 LEs         ; 2 LEs                ; 2 LEs                  ; Yes        ; |sistema|BCDout:b2v_inst3|blink_counter[0]          ;
; 3:1                ; 5 bits    ; 10 LEs        ; 5 LEs                ; 5 LEs                  ; No         ; |sistema|FIFO:b2v_inst1|tmp_count                   ;
; 4:1                ; 9 bits    ; 18 LEs        ; 9 LEs                ; 9 LEs                  ; No         ; |sistema|FIFO:b2v_inst1|tmp_head                    ;
; 4:1                ; 9 bits    ; 18 LEs        ; 9 LEs                ; 9 LEs                  ; No         ; |sistema|FIFO:b2v_inst1|tmp_count                   ;
; 4:1                ; 9 bits    ; 18 LEs        ; 9 LEs                ; 9 LEs                  ; No         ; |sistema|FIFO:b2v_inst1|tmp_count                   ;
; 4:1                ; 9 bits    ; 18 LEs        ; 9 LEs                ; 9 LEs                  ; No         ; |sistema|FIFO:b2v_inst1|tmp_count                   ;
; 4:1                ; 9 bits    ; 18 LEs        ; 9 LEs                ; 9 LEs                  ; No         ; |sistema|FIFO:b2v_inst1|tmp_count                   ;
; 4:1                ; 9 bits    ; 18 LEs        ; 9 LEs                ; 9 LEs                  ; No         ; |sistema|FIFO:b2v_inst1|tmp_head                    ;
; 4:1                ; 9 bits    ; 18 LEs        ; 9 LEs                ; 9 LEs                  ; No         ; |sistema|FIFO:b2v_inst1|tmp_count                   ;
; 4:1                ; 9 bits    ; 18 LEs        ; 9 LEs                ; 9 LEs                  ; No         ; |sistema|FIFO:b2v_inst1|tmp_count                   ;
; 4:1                ; 9 bits    ; 18 LEs        ; 9 LEs                ; 9 LEs                  ; No         ; |sistema|FIFO:b2v_inst1|tmp_count                   ;
; 4:1                ; 9 bits    ; 18 LEs        ; 9 LEs                ; 9 LEs                  ; No         ; |sistema|FIFO:b2v_inst1|tmp_head                    ;
; 4:1                ; 9 bits    ; 18 LEs        ; 9 LEs                ; 9 LEs                  ; No         ; |sistema|FIFO:b2v_inst1|tmp_count                   ;
; 4:1                ; 9 bits    ; 18 LEs        ; 9 LEs                ; 9 LEs                  ; No         ; |sistema|FIFO:b2v_inst1|tmp_head                    ;
; 4:1                ; 9 bits    ; 18 LEs        ; 9 LEs                ; 9 LEs                  ; No         ; |sistema|FIFO:b2v_inst1|tmp_count                   ;
; 4:1                ; 9 bits    ; 18 LEs        ; 9 LEs                ; 9 LEs                  ; No         ; |sistema|FIFO:b2v_inst1|tmp_head                    ;
; 4:1                ; 9 bits    ; 18 LEs        ; 9 LEs                ; 9 LEs                  ; No         ; |sistema|FIFO:b2v_inst1|tmp_count                   ;
; 16:1               ; 5 bits    ; 50 LEs        ; 50 LEs               ; 0 LEs                  ; No         ; |sistema|FIFO:b2v_inst1|Mux19                       ;
; 5:1                ; 33 bits   ; 99 LEs        ; 66 LEs               ; 33 LEs                 ; No         ; |sistema|FIFO:b2v_inst1|tmp_fifo                    ;
; 5:1                ; 33 bits   ; 99 LEs        ; 66 LEs               ; 33 LEs                 ; No         ; |sistema|FIFO:b2v_inst1|tmp_fifo                    ;
; 5:1                ; 33 bits   ; 99 LEs        ; 66 LEs               ; 33 LEs                 ; No         ; |sistema|FIFO:b2v_inst1|tmp_fifo                    ;
; 5:1                ; 33 bits   ; 99 LEs        ; 66 LEs               ; 33 LEs                 ; No         ; |sistema|FIFO:b2v_inst1|tmp_fifo                    ;
; 5:1                ; 33 bits   ; 99 LEs        ; 66 LEs               ; 33 LEs                 ; No         ; |sistema|FIFO:b2v_inst1|tmp_fifo                    ;
; 5:1                ; 33 bits   ; 99 LEs        ; 66 LEs               ; 33 LEs                 ; No         ; |sistema|FIFO:b2v_inst1|tmp_fifo                    ;
; 5:1                ; 33 bits   ; 99 LEs        ; 66 LEs               ; 33 LEs                 ; No         ; |sistema|FIFO:b2v_inst1|tmp_fifo                    ;
; 5:1                ; 33 bits   ; 99 LEs        ; 66 LEs               ; 33 LEs                 ; No         ; |sistema|FIFO:b2v_inst1|tmp_fifo                    ;
; 5:1                ; 33 bits   ; 99 LEs        ; 66 LEs               ; 33 LEs                 ; No         ; |sistema|FIFO:b2v_inst1|tmp_fifo                    ;
; 5:1                ; 33 bits   ; 99 LEs        ; 66 LEs               ; 33 LEs                 ; No         ; |sistema|FIFO:b2v_inst1|tmp_fifo                    ;
; 5:1                ; 33 bits   ; 99 LEs        ; 66 LEs               ; 33 LEs                 ; No         ; |sistema|FIFO:b2v_inst1|tmp_fifo                    ;
; 5:1                ; 33 bits   ; 99 LEs        ; 66 LEs               ; 33 LEs                 ; No         ; |sistema|FIFO:b2v_inst1|tmp_fifo                    ;
; 5:1                ; 33 bits   ; 99 LEs        ; 66 LEs               ; 33 LEs                 ; No         ; |sistema|FIFO:b2v_inst1|tmp_fifo                    ;
; 5:1                ; 33 bits   ; 99 LEs        ; 66 LEs               ; 33 LEs                 ; No         ; |sistema|FIFO:b2v_inst1|tmp_fifo                    ;
; 5:1                ; 33 bits   ; 99 LEs        ; 66 LEs               ; 33 LEs                 ; No         ; |sistema|FIFO:b2v_inst1|tmp_fifo                    ;
; 5:1                ; 33 bits   ; 99 LEs        ; 66 LEs               ; 33 LEs                 ; No         ; |sistema|FIFO:b2v_inst1|tmp_fifo                    ;
+--------------------+-----------+---------------+----------------------+------------------------+------------+-----------------------------------------------------+


+-------------------------------+
; Elapsed Time Per Partition    ;
+----------------+--------------+
; Partition Name ; Elapsed Time ;
+----------------+--------------+
; Top            ; 00:00:18     ;
+----------------+--------------+


+-------------------------------+
; Analysis & Synthesis Messages ;
+-------------------------------+
Info: *******************************************************************
Info: Running Quartus II 64-Bit Analysis & Synthesis
    Info: Version 13.0.1 Build 232 06/12/2013 Service Pack 1 SJ Web Edition
    Info: Processing started: Tue Jul 01 01:43:10 2025
Info: Command: quartus_map --read_settings_files=on --write_settings_files=off obligatorio2DD -c sistema
Warning (20028): Parallel compilation is not licensed and has been disabled
Info (12021): Found 2 design units, including 1 entities, in source file fifo.vhd
    Info (12022): Found design unit 1: FIFO-Behavioral
    Info (12023): Found entity 1: FIFO
Info (12021): Found 2 design units, including 1 entities, in source file bcdselector.vhd
    Info (12022): Found design unit 1: BCDselector-bhv
    Info (12023): Found entity 1: BCDselector
Info (12021): Found 2 design units, including 1 entities, in source file bcdout.vhd
    Info (12022): Found design unit 1: BCDout-bhv
    Info (12023): Found entity 1: BCDout
Info (12021): Found 2 design units, including 1 entities, in source file tb_sistema.vhd
    Info (12022): Found design unit 1: tb_sistema-sim
    Info (12023): Found entity 1: tb_sistema
Warning (12125): Using design file sistema.vhd, which is not specified as a design file for the current project, but contains definitions for 2 design units and 1 entities in project
    Info (12022): Found design unit 1: sistema-bdf_type
    Info (12023): Found entity 1: sistema
Warning (12300): Found the following files while searching for definition of entity "sistema", but did not use these files because already using a different file containing the entity definition
    Warning (12126): File: sistema.bdf
Info (12127): Elaborating entity "sistema" for the top level hierarchy
Info (12128): Elaborating entity "BCDselector" for hierarchy "BCDselector:b2v_inst"
Info (12128): Elaborating entity "FIFO" for hierarchy "FIFO:b2v_inst1"
Info (12128): Elaborating entity "BCDout" for hierarchy "BCDout:b2v_inst3"
Warning (13024): Output pins are stuck at VCC or GND
    Warning (13410): Pin "BCD1[12]" is stuck at VCC
    Warning (13410): Pin "BCD1[11]" is stuck at VCC
    Warning (13410): Pin "BCD1[10]" is stuck at VCC
    Warning (13410): Pin "BCD1[7]" is stuck at VCC
    Warning (13410): Pin "BCD2[12]" is stuck at VCC
    Warning (13410): Pin "BCD2[11]" is stuck at VCC
    Warning (13410): Pin "BCD2[10]" is stuck at VCC
    Warning (13410): Pin "BCD2[7]" is stuck at VCC
Info (286030): Timing-Driven Synthesis is running
Info (17049): 48 registers lost all their fanouts during netlist optimizations.
Warning (20013): Ignored assignments for entity "sistema.bdf" -- entity does not exist in design
    Warning (20014): Assignment for entity set_global_assignment -name EDA_DESIGN_ENTRY_SYNTHESIS_TOOL "Design Compiler FPGA" -entity sistema.bdf was ignored
    Warning (20014): Assignment for entity set_global_assignment -name EDA_INPUT_GND_NAME GND -entity sistema.bdf -section_id eda_design_synthesis was ignored
    Warning (20014): Assignment for entity set_global_assignment -name EDA_INPUT_VCC_NAME VDD -entity sistema.bdf -section_id eda_design_synthesis was ignored
    Warning (20014): Assignment for entity set_global_assignment -name EDA_INPUT_DATA_FORMAT EDIF -entity sistema.bdf -section_id eda_design_synthesis was ignored
    Warning (20014): Assignment for entity set_global_assignment -name EDA_LMF_FILE dc_fpga.lmf -entity sistema.bdf -section_id eda_design_synthesis was ignored
    Warning (20014): Assignment for entity set_global_assignment -name EDA_SHOW_LMF_MAPPING_MESSAGES OFF -entity sistema.bdf -section_id eda_design_synthesis was ignored
    Warning (20014): Assignment for entity set_global_assignment -name EDA_RUN_TOOL_AUTOMATICALLY OFF -entity sistema.bdf -section_id eda_design_synthesis was ignored
Info (16010): Generating hard_block partition "hard_block:auto_generated_inst"
    Info (16011): Adding 0 node(s), including 0 DDIO, 0 PLL, 0 transceiver and 0 LCELL
Info (21057): Implemented 1547 device resources after synthesis - the final resource count might be different
    Info (21058): Implemented 7 input pins
    Info (21059): Implemented 30 output pins
    Info (21061): Implemented 1510 logic cells
Info: Quartus II 64-Bit Analysis & Synthesis was successful. 0 errors, 21 warnings
    Info: Peak virtual memory: 4662 megabytes
    Info: Processing ended: Tue Jul 01 01:43:31 2025
    Info: Elapsed time: 00:00:21
    Info: Total CPU time (on all processors): 00:00:18


